<?xml version="1.0" encoding="UTF-8"?>
<!-- Generated by org.testng.reporters.JUnitXMLReporter -->
<testsuite hostname="user-pc" name="personTest" tests="4" failures="0" timestamp="20 Jun 2017 08:22:30 GMT" time="0.016" errors="0">
  <testcase name="EyeIsOne" time="0.0" classname="testcase.detail.PersonTest"/>
  <testcase name="EyeIsZero" time="0.0" classname="testcase.detail.PersonTest"/>
  <testcase name="EyesIsMore" time="0.0" classname="testcase.detail.PersonTest"/>
  <testcase name="EyesIsTwo" time="0.0" classname="testcase.detail.PersonTest"/>
</testsuite> <!-- personTest -->
